TN:
SF:/home/krzysiek/mime-matcher/src/index.js
FN:3,createMatcher
FN:5,(anonymous_1)
FN:7,(anonymous_2)
FN:11,parse
FN:36,isValid
FN:42,(anonymous_5)
FN:43,(anonymous_6)
FN:57,(anonymous_7)
FN:60,(anonymous_8)
FNF:9
FNH:9
FNDA:20,createMatcher
FNDA:11,(anonymous_1)
FNDA:21,(anonymous_2)
FNDA:698,parse
FNDA:658,isValid
FNDA:14,(anonymous_5)
FNDA:15,(anonymous_6)
FNDA:21,(anonymous_7)
FNDA:18,(anonymous_8)
DA:1,1
DA:4,20
DA:5,11
DA:7,21
DA:12,698
DA:13,3
DA:18,695
DA:19,695
DA:21,695
DA:22,16
DA:27,679
DA:28,679
DA:37,658
DA:43,14
DA:44,15
DA:45,15
DA:46,10
DA:51,5
DA:52,5
DA:58,21
DA:59,21
DA:60,16
DA:61,18
DA:64,5
LF:24
LH:24
BRDA:4,0,0,5
BRDA:4,0,1,15
BRDA:12,1,0,3
BRDA:12,1,1,695
BRDA:21,2,0,16
BRDA:21,2,1,679
BRDA:45,3,0,10
BRDA:45,3,1,5
BRDA:59,4,0,16
BRDA:59,4,1,5
BRDA:61,5,0,18
BRDA:61,5,1,14
BRF:12
BRH:12
end_of_record
